<?xml version="1.0" encoding="UTF-8"?>
<!-- Generated by org.testng.reporters.JUnitXMLReporter -->
<testsuite hostname="Ns-MacBook-Pro.local" ignored="0" name="Default test" tests="7" failures="0" timestamp="26 Feb 2019 22:10:50 GMT" time="140.068" errors="0">
  <testcase name="verifyCreateContactButtonTest" time="6.581" classname="com.qa.Hubspot.tests.ContactPageTest"/>
  <testcase name="verifyCreateContactButtonTest" time="6.354" classname="com.qa.Hubspot.tests.ContactPageTest"/>
  <testcase name="verifyCreateContactButtonTest" time="7.097" classname="com.qa.Hubspot.tests.ContactPageTest"/>
  <testcase name="verifyCreateContactButtonTest" time="6.725" classname="com.qa.Hubspot.tests.ContactPageTest"/>
  <testcase name="verifyCreateContactButtonTest" time="6.66" classname="com.qa.Hubspot.tests.ContactPageTest"/>
  <testcase name="verifyCreateContactButtonTest" time="7.483" classname="com.qa.Hubspot.tests.ContactPageTest"/>
  <testcase name="verifyCreateContactButtonTest" time="7.383" classname="com.qa.Hubspot.tests.ContactPageTest"/>
</testsuite> <!-- Default test -->
