<?xml version="1.0" encoding="UTF-8"?>
<!-- Generated by org.testng.reporters.JUnitXMLReporter -->
<testsuite hostname="Ns-MacBook-Pro.local" ignored="0" name="hub spot regression Test" tests="6" failures="0" timestamp="28 Feb 2019 20:01:04 GMT" time="32.587" errors="0">
  <testcase name="getLoginPageTitleTest" time="0.019" classname="com.qa.Hubspot.tests.LoginTest"/>
  <testcase name="verifyHomePageTitleTest" time="2.86" classname="com.qa.Hubspot.tests.HomePageTest"/>
  <testcase name="VerifySignUpLinkTest" time="0.061" classname="com.qa.Hubspot.tests.LoginTest"/>
  <testcase name="verifyHeaderTest" time="3.747" classname="com.qa.Hubspot.tests.HomePageTest"/>
  <testcase name="verifyLoginTest" time="0.593" classname="com.qa.Hubspot.tests.LoginTest"/>
  <testcase name="verifyContactsTest" time="9.613" classname="com.qa.Hubspot.tests.HomePageTest"/>
</testsuite> <!-- hub spot regression Test -->
