<?xml version="1.0" encoding="UTF-8"?>
<testng-results skipped="0" failed="0" ignored="0" total="6" passed="6">
  <reporter-output>
  </reporter-output>
  <suite name="Hub Spot Application Regression Test Suite" duration-ms="32591" started-at="2019-02-28T20:10:47Z" finished-at="2019-02-28T20:11:20Z">
    <groups>
    </groups>
    <test name="hub spot regression Test" duration-ms="32591" started-at="2019-02-28T20:10:47Z" finished-at="2019-02-28T20:11:20Z">
      <class name="com.qa.Hubspot.tests.HomePageTest">
        <test-method status="PASS" signature="setUp()[pri:0, instance:com.qa.Hubspot.tests.HomePageTest@57baeedf]" name="setUp" is-config="true" duration-ms="3821" started-at="2019-02-28T20:10:51Z" finished-at="2019-02-28T20:10:54Z">
          <reporter-output>
          </reporter-output>
        </test-method> <!-- setUp -->
        <test-method status="PASS" signature="verifyHomePageTitleTest()[pri:1, instance:com.qa.Hubspot.tests.HomePageTest@57baeedf]" name="verifyHomePageTitleTest" duration-ms="2668" started-at="2019-02-28T20:10:54Z" finished-at="2019-02-28T20:10:57Z">
          <reporter-output>
          </reporter-output>
        </test-method> <!-- verifyHomePageTitleTest -->
        <test-method status="PASS" signature="tearDown()[pri:0, instance:com.qa.Hubspot.tests.HomePageTest@57baeedf]" name="tearDown" is-config="true" duration-ms="112" started-at="2019-02-28T20:10:57Z" finished-at="2019-02-28T20:10:57Z">
          <reporter-output>
          </reporter-output>
        </test-method> <!-- tearDown -->
        <test-method status="PASS" signature="setUp()[pri:0, instance:com.qa.Hubspot.tests.HomePageTest@57baeedf]" name="setUp" is-config="true" duration-ms="3653" started-at="2019-02-28T20:10:57Z" finished-at="2019-02-28T20:11:01Z">
          <reporter-output>
          </reporter-output>
        </test-method> <!-- setUp -->
        <test-method status="PASS" signature="verifyHeaderTest()[pri:2, instance:com.qa.Hubspot.tests.HomePageTest@57baeedf]" name="verifyHeaderTest" duration-ms="4062" started-at="2019-02-28T20:11:01Z" finished-at="2019-02-28T20:11:05Z">
          <reporter-output>
          </reporter-output>
        </test-method> <!-- verifyHeaderTest -->
        <test-method status="PASS" signature="tearDown()[pri:0, instance:com.qa.Hubspot.tests.HomePageTest@57baeedf]" name="tearDown" is-config="true" duration-ms="139" started-at="2019-02-28T20:11:05Z" finished-at="2019-02-28T20:11:05Z">
          <reporter-output>
          </reporter-output>
        </test-method> <!-- tearDown -->
        <test-method status="PASS" signature="setUp()[pri:0, instance:com.qa.Hubspot.tests.HomePageTest@57baeedf]" name="setUp" is-config="true" duration-ms="4536" started-at="2019-02-28T20:11:06Z" finished-at="2019-02-28T20:11:10Z">
          <reporter-output>
          </reporter-output>
        </test-method> <!-- setUp -->
        <test-method status="PASS" signature="verifyContactsTest()[pri:3, instance:com.qa.Hubspot.tests.HomePageTest@57baeedf]" name="verifyContactsTest" duration-ms="9095" started-at="2019-02-28T20:11:10Z" finished-at="2019-02-28T20:11:19Z">
          <reporter-output>
          </reporter-output>
        </test-method> <!-- verifyContactsTest -->
        <test-method status="PASS" signature="tearDown()[pri:0, instance:com.qa.Hubspot.tests.HomePageTest@57baeedf]" name="tearDown" is-config="true" duration-ms="150" started-at="2019-02-28T20:11:19Z" finished-at="2019-02-28T20:11:20Z">
          <reporter-output>
          </reporter-output>
        </test-method> <!-- tearDown -->
      </class> <!-- com.qa.Hubspot.tests.HomePageTest -->
      <class name="com.qa.Hubspot.tests.LoginTest">
        <test-method status="PASS" signature="setUp()[pri:0, instance:com.qa.Hubspot.tests.LoginTest@42e26948]" name="setUp" is-config="true" duration-ms="3466" started-at="2019-02-28T20:10:47Z" finished-at="2019-02-28T20:10:51Z">
          <reporter-output>
          </reporter-output>
        </test-method> <!-- setUp -->
        <test-method status="PASS" signature="getLoginPageTitleTest()[pri:1, instance:com.qa.Hubspot.tests.LoginTest@42e26948]" name="getLoginPageTitleTest" duration-ms="24" started-at="2019-02-28T20:10:51Z" finished-at="2019-02-28T20:10:51Z">
          <reporter-output>
          </reporter-output>
        </test-method> <!-- getLoginPageTitleTest -->
        <test-method status="PASS" signature="VerifySignUpLinkTest()[pri:2, instance:com.qa.Hubspot.tests.LoginTest@42e26948]" name="VerifySignUpLinkTest" duration-ms="61" started-at="2019-02-28T20:10:57Z" finished-at="2019-02-28T20:10:57Z">
          <reporter-output>
          </reporter-output>
        </test-method> <!-- VerifySignUpLinkTest -->
        <test-method status="PASS" signature="verifyLoginTest()[pri:3, instance:com.qa.Hubspot.tests.LoginTest@42e26948]" name="verifyLoginTest" duration-ms="635" started-at="2019-02-28T20:11:05Z" finished-at="2019-02-28T20:11:06Z">
          <reporter-output>
          </reporter-output>
        </test-method> <!-- verifyLoginTest -->
        <test-method status="PASS" signature="tearDown()[pri:0, instance:com.qa.Hubspot.tests.LoginTest@42e26948]" name="tearDown" is-config="true" duration-ms="120" started-at="2019-02-28T20:11:20Z" finished-at="2019-02-28T20:11:20Z">
          <reporter-output>
          </reporter-output>
        </test-method> <!-- tearDown -->
      </class> <!-- com.qa.Hubspot.tests.LoginTest -->
    </test> <!-- hub spot regression Test -->
  </suite> <!-- Hub Spot Application Regression Test Suite -->
</testng-results>
